This is pdfTeX, Version 3.1415926-1.40.11 (TeX Live 2010/MacPorts 2010_0) (format=pdflatex 2010.11.23)  2 DEC 2010 19:19
entering extended mode
 \write18 enabled.
 file:line:error style messages enabled.
 %&-line parsing enabled.
**"Project X Delivery Checklist.ltx"
(./Project X Delivery Checklist.ltx
LaTeX2e <2009/09/24>
Babel <v3.8l> and hyphenation patterns for english, dumylang, nohyphenation, lo
aded.
(/opt/local/share/texmf-texlive-dist/tex/latex/base/article.cls
Document Class: article 2007/10/19 v1.4h Standard LaTeX document class
(/opt/local/share/texmf-texlive-dist/tex/latex/base/size10.clo
File: size10.clo 2007/10/19 v1.4h Standard LaTeX file (size option)
)
\c@part=\count79
\c@section=\count80
\c@subsection=\count81
\c@subsubsection=\count82
\c@paragraph=\count83
\c@subparagraph=\count84
\c@figure=\count85
\c@table=\count86
\abovecaptionskip=\skip41
\belowcaptionskip=\skip42
\bibindent=\dimen102
)
(/opt/local/share/texmf-texlive-dist/tex/latex/fancyhdr/fancyhdr.sty
\fancy@headwidth=\skip43
\f@ncyO@elh=\skip44
\f@ncyO@erh=\skip45
\f@ncyO@olh=\skip46
\f@ncyO@orh=\skip47
\f@ncyO@elf=\skip48
\f@ncyO@erf=\skip49
\f@ncyO@olf=\skip50
\f@ncyO@orf=\skip51
)
(/opt/local/share/texmf-texlive-dist/tex/latex/lastpage/lastpage.sty
Package: lastpage 1994/06/25 v0.1b LaTeX2e package for refs to last page number
 (JPG)
)

Package Fancyhdr Warning: \fancyfoot's `E' option without twoside option is use
less on input line 17.

(./Project X Delivery Checklist.aux)
\openout1 = `"Project X Delivery Checklist.aux"'.

LaTeX Font Info:    Checking defaults for OML/cmm/m/it on input line 24.
LaTeX Font Info:    ... okay on input line 24.
LaTeX Font Info:    Checking defaults for T1/cmr/m/n on input line 24.
LaTeX Font Info:    ... okay on input line 24.
LaTeX Font Info:    Checking defaults for OT1/cmr/m/n on input line 24.
LaTeX Font Info:    ... okay on input line 24.
LaTeX Font Info:    Checking defaults for OMS/cmsy/m/n on input line 24.
LaTeX Font Info:    ... okay on input line 24.
LaTeX Font Info:    Checking defaults for OMX/cmex/m/n on input line 24.
LaTeX Font Info:    ... okay on input line 24.
LaTeX Font Info:    Checking defaults for U/cmr/m/n on input line 24.
LaTeX Font Info:    ... okay on input line 24.
LaTeX Font Info:    External font `cmex10' loaded for size
(Font)              <12> on input line 25.
LaTeX Font Info:    External font `cmex10' loaded for size
(Font)              <8> on input line 25.
LaTeX Font Info:    External font `cmex10' loaded for size
(Font)              <6> on input line 25.
 [1

{/opt/local/var/db/texmf/fonts/map/pdftex/updmap/pdftex.map}]
LaTeX Font Info:    External font `cmex10' loaded for size
(Font)              <7> on input line 62.
LaTeX Font Info:    External font `cmex10' loaded for size
(Font)              <5> on input line 62.
LaTeX Font Info:    Try loading font information for OMS+cmr on input line 80.

(/opt/local/share/texmf-texlive-dist/tex/latex/base/omscmr.fd
File: omscmr.fd 1999/05/25 v2.5h Standard LaTeX font definitions
)
LaTeX Font Info:    Font shape `OMS/cmr/m/n' in size <10> not available
(Font)              Font shape `OMS/cmsy/m/n' tried instead on input line 80.
 [2]
Overfull \hbox (0.80423pt too wide) in paragraph at lines 87--88
[]\OT1/cmr/m/n/10 What were the biggest \OT1/cmr/bx/n/10 com-mu-ni-ca-tion chal
-lenges \OT1/cmr/m/n/10 your team faced? What
 []

[3] [4] [5] AED: lastpage setting LastPage [6]
(./Project X Delivery Checklist.aux) ) 
Here is how much of TeX's memory you used:
 399 strings out of 495074
 4793 string characters out of 3182081
 50969 words of memory out of 3000000
 3637 multiletter control sequences out of 15000+200000
 8594 words of font info for 30 fonts, out of 3000000 for 9000
 14 hyphenation exceptions out of 8191
 31i,13n,43p,318b,263s stack positions out of 5000i,500n,10000p,200000b,50000s
</opt/local/share/texmf-texlive-dist/font
s/type1/public/amsfonts/cm/cmbx10.pfb></opt/local/share/texmf-texlive-dist/font
s/type1/public/amsfonts/cm/cmbx12.pfb></opt/local/share/texmf-texlive-dist/font
s/type1/public/amsfonts/cm/cmr10.pfb></opt/local/share/texmf-texlive-dist/fonts
/type1/public/amsfonts/cm/cmr12.pfb></opt/local/share/texmf-texlive-dist/fonts/
type1/public/amsfonts/cm/cmr17.pfb></opt/local/share/texmf-texlive-dist/fonts/t
ype1/public/amsfonts/cm/cmsl10.pfb></opt/local/share/texmf-texlive-dist/fonts/t
ype1/public/amsfonts/cm/cmsy10.pfb></opt/local/share/texmf-texlive-dist/fonts/t
ype1/public/amsfonts/cm/cmti10.pfb>
Output written on "Project X Delivery Checklist.pdf" (6 pages, 109125 bytes).
PDF statistics:
 55 PDF objects out of 1000 (max. 8388607)
 38 compressed objects within 1 object stream
 0 named destinations out of 1000 (max. 500000)
 1 words of extra memory for PDF output out of 10000 (max. 10000000)

